2024-11-22 07:15:51 WARN  TestNGContentHandler:133 - It is strongly recommended to add "<!DOCTYPE suite SYSTEM "https://testng.org/testng-1.0.dtd" >" at the top of the suite file [C:\Users\91630\eclipse-workspace\Selenium_Java_Project_2024\Master.xml] otherwise TestNG may fail or not work as expected.
2024-11-22 07:15:51 INFO  Utils:112 - [TestNG] Running:
  C:\Users\91630\eclipse-workspace\Selenium_Java_Project_2024\Master.xml

2024-11-22 07:16:00 INFO  TC_004_Software:13 - ****TC_004_Software is started****
2024-11-22 07:16:10 INFO  TC_004_Software:25 - ****TC_004_Software is Finishied****
2024-11-22 07:17:02 WARN  TestNGContentHandler:133 - It is strongly recommended to add "<!DOCTYPE suite SYSTEM "https://testng.org/testng-1.0.dtd" >" at the top of the suite file [C:\Users\91630\eclipse-workspace\Selenium_Java_Project_2024\Master.xml] otherwise TestNG may fail or not work as expected.
2024-11-22 07:17:02 INFO  Utils:112 - [TestNG] Running:
  C:\Users\91630\eclipse-workspace\Selenium_Java_Project_2024\Master.xml

2024-11-22 07:18:41 WARN  TestNGContentHandler:133 - It is strongly recommended to add "<!DOCTYPE suite SYSTEM "https://testng.org/testng-1.0.dtd" >" at the top of the suite file [C:\Users\91630\eclipse-workspace\Selenium_Java_Project_2024\Master.xml] otherwise TestNG may fail or not work as expected.
2024-11-22 07:18:41 INFO  Utils:112 - [TestNG] Running:
  C:\Users\91630\eclipse-workspace\Selenium_Java_Project_2024\Master.xml

2024-11-22 07:19:45 WARN  TestNGContentHandler:133 - It is strongly recommended to add "<!DOCTYPE suite SYSTEM "https://testng.org/testng-1.0.dtd" >" at the top of the suite file [C:\Users\91630\eclipse-workspace\Selenium_Java_Project_2024\Master.xml] otherwise TestNG may fail or not work as expected.
2024-11-22 07:19:45 INFO  Utils:112 - [TestNG] Running:
  C:\Users\91630\eclipse-workspace\Selenium_Java_Project_2024\Master.xml

2024-11-22 07:20:56 WARN  TestNGContentHandler:133 - It is strongly recommended to add "<!DOCTYPE suite SYSTEM "https://testng.org/testng-1.0.dtd" >" at the top of the suite file [C:\Users\91630\eclipse-workspace\Selenium_Java_Project_2024\Master.xml] otherwise TestNG may fail or not work as expected.
2024-11-22 07:20:57 INFO  Utils:112 - [TestNG] Running:
  C:\Users\91630\eclipse-workspace\Selenium_Java_Project_2024\Master.xml

2024-11-22 07:21:00 INFO  TC_005_LogoTest:14 - ****TC_005_LogoTest Started Execution****
2024-11-22 07:21:01 INFO  TC_005_LogoTest:27 - ****TC_005_LogoTest Finishied Execution****
2024-11-22 17:45:17 WARN  TestNGContentHandler:133 - It is strongly recommended to add "<!DOCTYPE suite SYSTEM "https://testng.org/testng-1.0.dtd" >" at the top of the suite file [C:\Users\91630\eclipse-workspace\Selenium_Java_Project_2024\Master.xml] otherwise TestNG may fail or not work as expected.
2024-11-22 17:45:17 INFO  Utils:112 - [TestNG] Running:
  C:\Users\91630\eclipse-workspace\Selenium_Java_Project_2024\Master.xml

2024-11-22 17:45:57 WARN  TestNGContentHandler:133 - It is strongly recommended to add "<!DOCTYPE suite SYSTEM "https://testng.org/testng-1.0.dtd" >" at the top of the suite file [C:\Users\91630\eclipse-workspace\Selenium_Java_Project_2024\Master.xml] otherwise TestNG may fail or not work as expected.
2024-11-22 17:45:57 INFO  Utils:112 - [TestNG] Running:
  C:\Users\91630\eclipse-workspace\Selenium_Java_Project_2024\Master.xml

